<?xml version="1.0" encoding="UTF-8"?>
<testsuite name="com.ohgiraffers.jpql.section03.projection.ProjectionServiceTests" tests="1" skipped="0" failures="0" errors="0" timestamp="2025-06-20T07:14:00.416Z" hostname="DESKTOP-02NHO5P" time="0.666">
  <properties/>
  <testcase name="new명령어를 활용한 projection" classname="com.ohgiraffers.jpql.section03.projection.ProjectionServiceTests" time="0.666"/>
  <system-out><![CDATA[16:13:57.982 [Test worker] INFO org.springframework.test.context.support.AnnotationConfigContextLoaderUtils -- Could not detect default configuration classes for test class [com.ohgiraffers.jpql.section03.projection.ProjectionServiceTests]: ProjectionServiceTests does not declare any static, non-private, non-final, nested classes annotated with @Configuration.
16:13:58.078 [Test worker] INFO org.springframework.boot.test.context.SpringBootTestContextBootstrapper -- Found @SpringBootConfiguration com.ohgiraffers.jpql.Chap04JpqlApplication for test class com.ohgiraffers.jpql.section03.projection.ProjectionServiceTests

  .   ____          _            __ _ _
 /\\ / ___'_ __ _ _(_)_ __  __ _ \ \ \ \
( ( )\___ | '_ | '_| | '_ \/ _` | \ \ \ \
 \\/  ___)| |_)| | | | | || (_| |  ) ) ) )
  '  |____| .__|_| |_|_| |_\__, | / / / /
 =========|_|==============|___/=/_/_/_/

 :: Spring Boot ::                (v3.5.2)

2025-06-20T16:13:58.421+09:00  INFO 7248 --- [    Test worker] c.o.j.s.p.ProjectionServiceTests         : Starting ProjectionServiceTests using Java 17.0.14 with PID 7248 (started by User in D:\lecture\12_jpa\chap04-jpql)
2025-06-20T16:13:58.422+09:00  INFO 7248 --- [    Test worker] c.o.j.s.p.ProjectionServiceTests         : No active profile set, falling back to 1 default profile: "default"
2025-06-20T16:13:58.725+09:00  INFO 7248 --- [    Test worker] .s.d.r.c.RepositoryConfigurationDelegate : Bootstrapping Spring Data JPA repositories in DEFAULT mode.
2025-06-20T16:13:58.745+09:00  INFO 7248 --- [    Test worker] .s.d.r.c.RepositoryConfigurationDelegate : Finished Spring Data repository scanning in 12 ms. Found 0 JPA repository interfaces.
2025-06-20T16:13:58.986+09:00  INFO 7248 --- [    Test worker] o.hibernate.jpa.internal.util.LogHelper  : HHH000204: Processing PersistenceUnitInfo [name: default]
2025-06-20T16:13:59.036+09:00  INFO 7248 --- [    Test worker] org.hibernate.Version                    : HHH000412: Hibernate ORM core version 6.6.18.Final
2025-06-20T16:13:59.079+09:00  INFO 7248 --- [    Test worker] o.h.c.internal.RegionFactoryInitiator    : HHH000026: Second-level cache disabled
2025-06-20T16:13:59.292+09:00  INFO 7248 --- [    Test worker] o.s.o.j.p.SpringPersistenceUnitInfo      : No LoadTimeWeaver setup: ignoring JPA class transformer
2025-06-20T16:13:59.310+09:00  INFO 7248 --- [    Test worker] com.zaxxer.hikari.HikariDataSource       : HikariPool-1 - Starting...
2025-06-20T16:13:59.525+09:00  INFO 7248 --- [    Test worker] com.zaxxer.hikari.pool.HikariPool        : HikariPool-1 - Added connection com.mysql.cj.jdbc.ConnectionImpl@4bf8b77
2025-06-20T16:13:59.527+09:00  INFO 7248 --- [    Test worker] com.zaxxer.hikari.HikariDataSource       : HikariPool-1 - Start completed.
2025-06-20T16:13:59.578+09:00  WARN 7248 --- [    Test worker] org.hibernate.orm.deprecation            : HHH90000025: MySQLDialect does not need to be specified explicitly using 'hibernate.dialect' (remove the property setting and it will be selected by default)
2025-06-20T16:13:59.601+09:00  INFO 7248 --- [    Test worker] org.hibernate.orm.connections.pooling    : HHH10001005: Database info:
	Database JDBC URL [Connecting through datasource 'HikariDataSource (HikariPool-1)']
	Database driver: undefined/unknown
	Database version: 8.4.5
	Autocommit mode: undefined/unknown
	Isolation level: undefined/unknown
	Minimum pool size: undefined/unknown
	Maximum pool size: undefined/unknown
2025-06-20T16:14:00.235+09:00  INFO 7248 --- [    Test worker] o.h.e.t.j.p.i.JtaPlatformInitiator       : HHH000489: No JTA platform available (set 'hibernate.transaction.jta.platform' to enable JTA platform integration)
2025-06-20T16:14:00.237+09:00  INFO 7248 --- [    Test worker] j.LocalContainerEntityManagerFactoryBean : Initialized JPA EntityManagerFactory for persistence unit 'default'
2025-06-20T16:14:00.410+09:00  INFO 7248 --- [    Test worker] c.o.j.s.p.ProjectionServiceTests         : Started ProjectionServiceTests in 2.22 seconds (process running for 3.058)
Hibernate: 
    select
        c1_0.category_code,
        c1_0.category_name 
    from
        tbl_category c1_0
CategoryInfo{categoryCode=1, categoryName='식사'}
CategoryInfo{categoryCode=2, categoryName='음료'}
CategoryInfo{categoryCode=3, categoryName='디저트'}
CategoryInfo{categoryCode=4, categoryName='한식'}
CategoryInfo{categoryCode=5, categoryName='중식'}
CategoryInfo{categoryCode=6, categoryName='일식'}
CategoryInfo{categoryCode=7, categoryName='퓨전'}
CategoryInfo{categoryCode=8, categoryName='커피'}
CategoryInfo{categoryCode=9, categoryName='쥬스'}
CategoryInfo{categoryCode=10, categoryName='기타'}
CategoryInfo{categoryCode=11, categoryName='동양'}
CategoryInfo{categoryCode=12, categoryName='서양'}
CategoryInfo{categoryCode=13, categoryName='퓨전분식'}
CategoryInfo{categoryCode=321, categoryName='분식퓨전'}
]]></system-out>
  <system-err><![CDATA[]]></system-err>
</testsuite>
