<?xml version="1.0" encoding="UTF-8"?>
<testsuite name="com.ohgiraffers.requestmapping.Chap01RequestMappingApplicationTests" tests="1" skipped="0" failures="0" errors="0" timestamp="2025-07-15T07:50:28.457Z" hostname="cursor" time="0.433">
  <properties/>
  <testcase name="contextLoads()" classname="com.ohgiraffers.requestmapping.Chap01RequestMappingApplicationTests" time="0.433"/>
  <system-out><![CDATA[07:50:27.403 [Test worker] INFO org.springframework.test.context.support.AnnotationConfigContextLoaderUtils -- Could not detect default configuration classes for test class [com.ohgiraffers.requestmapping.Chap01RequestMappingApplicationTests]: Chap01RequestMappingApplicationTests does not declare any static, non-private, non-final, nested classes annotated with @Configuration.
07:50:27.493 [Test worker] INFO org.springframework.boot.test.context.SpringBootTestContextBootstrapper -- Found @SpringBootConfiguration com.ohgiraffers.requestmapping.Chap01RequestMappingApplication for test class com.ohgiraffers.requestmapping.Chap01RequestMappingApplicationTests

  .   ____          _            __ _ _
 /\\ / ___'_ __ _ _(_)_ __  __ _ \ \ \ \
( ( )\___ | '_ | '_| | '_ \/ _` | \ \ \ \
 \\/  ___)| |_)| | | | | || (_| |  ) ) ) )
  '  |____| .__|_| |_|_| |_\__, | / / / /
 =========|_|==============|___/=/_/_/_/

 :: Spring Boot ::                (v3.5.0)

2025-07-15T07:50:27.806Z  INFO 2439 --- [chap01-request-mapping] [    Test worker] o.r.Chap01RequestMappingApplicationTests : Starting Chap01RequestMappingApplicationTests using Java 21.0.7 with PID 2439 (started by ubuntu in /workspace/chap01-request-mapping)
2025-07-15T07:50:27.808Z  INFO 2439 --- [chap01-request-mapping] [    Test worker] o.r.Chap01RequestMappingApplicationTests : No active profile set, falling back to 1 default profile: "default"
2025-07-15T07:50:28.300Z  INFO 2439 --- [chap01-request-mapping] [    Test worker] o.s.b.a.w.s.WelcomePageHandlerMapping    : Adding welcome page: class path resource [static/index.html]
2025-07-15T07:50:28.449Z  INFO 2439 --- [chap01-request-mapping] [    Test worker] o.r.Chap01RequestMappingApplicationTests : Started Chap01RequestMappingApplicationTests in 0.83 seconds (process running for 1.532)
]]></system-out>
  <system-err><![CDATA[Mockito is currently self-attaching to enable the inline-mock-maker. This will no longer work in future releases of the JDK. Please add Mockito as an agent to your build as described in Mockito's documentation: https://javadoc.io/doc/org.mockito/mockito-core/latest/org.mockito/org/mockito/Mockito.html#0.3
WARNING: A Java agent has been loaded dynamically (/home/ubuntu/.gradle/caches/modules-2/files-2.1/net.bytebuddy/byte-buddy-agent/1.17.5/58f9507f5f28d1d3e7adfb4ec2fe37c29d332c9b/byte-buddy-agent-1.17.5.jar)
WARNING: If a serviceability tool is in use, please run with -XX:+EnableDynamicAgentLoading to hide this warning
WARNING: If a serviceability tool is not in use, please run with -Djdk.instrument.traceUsage for more information
WARNING: Dynamic loading of agents will be disallowed by default in a future release
]]></system-err>
</testsuite>
