<?xml version="1.0" encoding="UTF-8"?>
<testsuite name="com.ohgiraffers.section03.EntityLifeCycleTests" tests="1" skipped="0" failures="0" errors="0" timestamp="2025-06-18T02:46:34" hostname="DESKTOP-02NHO5P" time="1.377">
  <properties/>
  <testcase name="[1] 6" classname="com.ohgiraffers.section03.EntityLifeCycleTests" time="1.377"/>
  <system-out><![CDATA[Hibernate: 
    select
        m1_0.menu_code,
        m1_0.category_code,
        m1_0.menu_name,
        m1_0.menu_price,
        m1_0.orderable_status 
    from
        tbl_menu m1_0 
    where
        m1_0.menu_code=?
Hibernate: 
    delete 
    from
        tbl_menu 
    where
        menu_code=?
Hibernate: 
    select
        m1_0.menu_code,
        m1_0.category_code,
        m1_0.menu_name,
        m1_0.menu_price,
        m1_0.orderable_status 
    from
        tbl_menu m1_0 
    where
        m1_0.menu_code=?
]]></system-out>
  <system-err><![CDATA[6월 18, 2025 11:46:34 오전 org.hibernate.jpa.internal.util.LogHelper logPersistenceUnitInformation
INFO: HHH000204: Processing PersistenceUnitInfo [name: jpatest]
6월 18, 2025 11:46:34 오전 org.hibernate.Version logVersion
INFO: HHH000412: Hibernate ORM core version 6.3.1.Final
6월 18, 2025 11:46:34 오전 org.hibernate.cache.internal.RegionFactoryInitiator initiateService
INFO: HHH000026: Second-level cache disabled
6월 18, 2025 11:46:34 오전 org.hibernate.engine.jdbc.connections.internal.DriverManagerConnectionProviderImpl configure
WARN: HHH10001002: Using built-in connection pool (not intended for production use)
6월 18, 2025 11:46:34 오전 org.hibernate.engine.jdbc.connections.internal.DriverManagerConnectionProviderImpl buildCreator
INFO: HHH10001005: Loaded JDBC driver class: com.mysql.cj.jdbc.Driver
6월 18, 2025 11:46:34 오전 org.hibernate.engine.jdbc.connections.internal.DriverManagerConnectionProviderImpl buildCreator
INFO: HHH10001012: Connecting with JDBC URL [jdbc:mysql://localhost:3306/menudb]
6월 18, 2025 11:46:34 오전 org.hibernate.engine.jdbc.connections.internal.DriverManagerConnectionProviderImpl buildCreator
INFO: HHH10001001: Connection properties: {password=****, user=ohgiraffers}
6월 18, 2025 11:46:34 오전 org.hibernate.engine.jdbc.connections.internal.DriverManagerConnectionProviderImpl buildCreator
INFO: HHH10001003: Autocommit mode: false
6월 18, 2025 11:46:34 오전 org.hibernate.engine.jdbc.connections.internal.DriverManagerConnectionProviderImpl$PooledConnections <init>
INFO: HHH10001115: Connection pool size: 20 (min=1)
6월 18, 2025 11:46:35 오전 org.hibernate.engine.transaction.jta.platform.internal.JtaPlatformInitiator initiateService
INFO: HHH000489: No JTA platform available (set 'hibernate.transaction.jta.platform' to enable JTA platform integration)
]]></system-err>
</testsuite>
